<?xml version="1.0" encoding="UTF-8"?>
<testng-results ignored="0" total="1" passed="1" failed="0" skipped="0">
  <reporter-output>
  </reporter-output>
  <suite started-at="2023-11-22T23:48:24 IST" name="Default suite" finished-at="2023-11-22T23:48:58 IST" duration-ms="34606">
    <groups>
    </groups>
    <test started-at="2023-11-22T23:48:24 IST" name="Default test" finished-at="2023-11-22T23:48:58 IST" duration-ms="34606">
      <class name="testcases.WebPageTest">
        <test-method signature="AppTest()[pri:0, instance:testcases.WebPageTest@1de5f259]" started-at="2023-11-22T23:48:24 IST" name="AppTest" finished-at="2023-11-22T23:48:58 IST" duration-ms="34503" status="PASS">
          <reporter-output>
          </reporter-output>
        </test-method> <!-- AppTest -->
      </class> <!-- testcases.WebPageTest -->
    </test> <!-- Default test -->
  </suite> <!-- Default suite -->
</testng-results>
